<!DOCTYPE html PUBLIC "-//W3C//DTD XHTML 1.1//EN" "http://www.w3.org/TR/xhtml11/DTD/xhtml11.dtd">
<html xmlns="http://www.w3.org/1999/xhtml"><head><title>TestNG Report</title><style type="text/css">table {margin-bottom:10px;border-collapse:collapse;empty-cells:show}th,td {border:1px solid #009;padding:.25em .5em}th {vertical-align:bottom}td {vertical-align:top}table a {font-weight:bold}.stripe td {background-color: #E6EBF9}.num {text-align:right}.passedodd td {background-color: #3F3}.passedeven td {background-color: #0A0}.skippedodd td {background-color: #DDD}.skippedeven td {background-color: #CCC}.failedodd td,.attn {background-color: #F33}.failedeven td,.stripe .attn {background-color: #D00}.stacktrace {white-space:pre;font-family:monospace}.totop {font-size:85%;text-align:center;border-bottom:2px solid #000}</style></head><body><table><tr><th>Test</th><th># Passed</th><th># Skipped</th><th># Failed</th><th>Time (ms)</th><th>Included Groups</th><th>Excluded Groups</th></tr><tr><th colspan="7">DataDrivenSuite</th></tr><tr><td><a href="#t0">Test</a></td><td class="num">1</td><td class="num">0</td><td class="num">0</td><td class="num">5,124</td><td></td><td></td></tr><tr class="stripe"><td><a href="#t1">AddTest</a></td><td class="num">3</td><td class="num attn">1</td><td class="num">0</td><td class="num">7,626</td><td></td><td></td></tr><tr><td><a href="#t2">opentest</a></td><td class="num">0</td><td class="num attn">1</td><td class="num">0</td><td class="num">2</td><td></td><td></td></tr><tr><th>Total</th><th class="num">4</th><th class="num attn">2</th><th class="num">0</th><th class="num">12,752</th><th colspan="2"></th></tr></table><table id='summary'><thead><tr><th>Class</th><th>Method</th><th>Start</th><th>Time (ms)</th></tr></thead><tbody><tr><th colspan="4">DataDrivenSuite</th></tr></tbody><tbody id="t0"><tr><th colspan="4">Test &#8212; passed</th></tr><tr class="passedeven"><td rowspan="1">testcases.LogInTest</td><td><a href="#m0">logInTest</a></td><td rowspan="1">1589737521329</td><td rowspan="1">5113</td></tr></tbody><tbody id="t1"><tr><th colspan="4">AddTest &#8212; skipped</th></tr><tr class="skippedeven"><td rowspan="1">testcases.AddCustomerTest</td><td><a href="#m1">AddCustomerTest</a></td><td rowspan="1">1589737531786</td><td rowspan="1">3</td></tr><tr><th colspan="4">AddTest &#8212; passed</th></tr><tr class="passedeven"><td rowspan="3">testcases.AddCustomerTest</td><td><a href="#m2">AddCustomerTest</a></td><td rowspan="3">1589737526465</td><td rowspan="3">2996</td></tr><tr class="passedeven"><td><a href="#m3">AddCustomerTest</a></td></tr><tr class="passedeven"><td><a href="#m4">AddCustomerTest</a></td></tr></tbody><tbody id="t2"><tr><th colspan="4">opentest &#8212; skipped</th></tr><tr class="skippedeven"><td rowspan="1">testcases.OpenAccountTest</td><td><a href="#m5">openAccountTest</a></td><td rowspan="1">1589737534099</td><td rowspan="1">1</td></tr></tbody></table><h2>Test</h2><h3 id="m0">testcases.LogInTest#logInTest</h3><table class="result"></table><p class="totop"><a href="#summary">back to summary</a></p><h2>AddTest</h2><h3 id="m1">testcases.AddCustomerTest#AddCustomerTest</h3><table class="result"><tr class="param"><th>Parameter #1</th></tr><tr class="param stripe"><td>{postcode=h8739e, lastname=Sharma, runmode=N, firstname=Koli}</td></tr><tr><th>Exception</th></tr><tr><td><div class="stacktrace">org.testng.SkipException: skipped because runmode is no
	at testcases.AddCustomerTest.AddCustomerTest(AddCustomerTest.java:24)
... Removed 29 stack frames</div></td></tr></table><p class="totop"><a href="#summary">back to summary</a></p><h3 id="m2">testcases.AddCustomerTest#AddCustomerTest</h3><table class="result"><tr class="param"><th>Parameter #1</th></tr><tr class="param stripe"><td>{postcode=aw12342, lastname=Arora, runmode=Y, firstname=Raman}</td></tr></table><p class="totop"><a href="#summary">back to summary</a></p><h3 id="m3">testcases.AddCustomerTest#AddCustomerTest</h3><table class="result"><tr class="param"><th>Parameter #1</th></tr><tr class="param stripe"><td>{postcode=D213434, lastname=Set, runmode=Y, firstname=Rohit}</td></tr></table><p class="totop"><a href="#summary">back to summary</a></p><h3 id="m4">testcases.AddCustomerTest#AddCustomerTest</h3><table class="result"><tr class="param"><th>Parameter #1</th></tr><tr class="param stripe"><td>{postcode=kl66587, lastname=Hoq, runmode=Y, firstname=Sami}</td></tr></table><p class="totop"><a href="#summary">back to summary</a></p><h2>opentest</h2><h3 id="m5">testcases.OpenAccountTest#openAccountTest</h3><table class="result"><tr class="param"><th>Parameter #1</th></tr><tr class="param stripe"><td>{currency=Rupee, customer=Raman Arora}</td></tr><tr><th>Exception</th></tr><tr><td><div class="stacktrace">org.testng.SkipException: skipping the test OPENACCOUNTTEST
	at testcases.OpenAccountTest.openAccountTest(OpenAccountTest.java:21)
... Removed 29 stack frames</div></td></tr></table><p class="totop"><a href="#summary">back to summary</a></p></body></html>