<?xml version="1.0" encoding="UTF-8"?>
<testng-results ignored="2" total="8" passed="4" failed="0" skipped="2">
  <reporter-output>
  </reporter-output>
  <suite started-at="2020-05-17T17:45:21Z" name="DataDrivenSuite" finished-at="2020-05-17T17:45:34Z" duration-ms="12781">
    <groups>
    </groups>
    <test started-at="2020-05-17T17:45:21Z" name="Test" finished-at="2020-05-17T17:45:26Z" duration-ms="5124">
      <class name="testcases.LogInTest">
        <test-method signature="logInTest()[pri:0, instance:testcases.LogInTest@189aa67a]" started-at="2020-05-17T13:45:21Z" name="logInTest" finished-at="2020-05-17T13:45:26Z" duration-ms="5113" status="PASS">
          <reporter-output>
          </reporter-output>
        </test-method> <!-- logInTest -->
      </class> <!-- testcases.LogInTest -->
    </test> <!-- Test -->
    <test started-at="2020-05-17T17:45:26Z" name="AddTest" finished-at="2020-05-17T17:45:34Z" duration-ms="7626">
      <class name="testcases.AddCustomerTest">
        <test-method signature="AddCustomerTest(java.util.Hashtable)[pri:0, instance:testcases.AddCustomerTest@72c28d64]" started-at="2020-05-17T13:45:26Z" name="AddCustomerTest" data-provider="dp" finished-at="2020-05-17T13:45:29Z" duration-ms="2996" status="PASS">
          <params>
            <param index="0">
              <value>
                <![CDATA[{postcode=aw12342, lastname=Arora, runmode=Y, firstname=Raman}]]>
              </value>
            </param>
          </params>
          <reporter-output>
          </reporter-output>
        </test-method> <!-- AddCustomerTest -->
        <test-method signature="AddCustomerTest(java.util.Hashtable)[pri:0, instance:testcases.AddCustomerTest@72c28d64]" started-at="2020-05-17T13:45:29Z" name="AddCustomerTest" data-provider="dp" finished-at="2020-05-17T13:45:31Z" duration-ms="2323" status="PASS">
          <params>
            <param index="0">
              <value>
                <![CDATA[{postcode=D213434, lastname=Set, runmode=Y, firstname=Rohit}]]>
              </value>
            </param>
          </params>
          <reporter-output>
          </reporter-output>
        </test-method> <!-- AddCustomerTest -->
        <test-method signature="AddCustomerTest(java.util.Hashtable)[pri:0, instance:testcases.AddCustomerTest@72c28d64]" started-at="2020-05-17T13:45:31Z" name="AddCustomerTest" data-provider="dp" finished-at="2020-05-17T13:45:31Z" duration-ms="3" status="SKIP">
          <params>
            <param index="0">
              <value>
                <![CDATA[{postcode=h8739e, lastname=Sharma, runmode=N, firstname=Koli}]]>
              </value>
            </param>
          </params>
          <exception class="org.testng.SkipException">
            <message>
              <![CDATA[skipped because runmode is no]]>
            </message>
            <full-stacktrace>
              <![CDATA[org.testng.SkipException: skipped because runmode is no
	at testcases.AddCustomerTest.AddCustomerTest(AddCustomerTest.java:24)
	at java.base/jdk.internal.reflect.NativeMethodAccessorImpl.invoke0(Native Method)
	at java.base/jdk.internal.reflect.NativeMethodAccessorImpl.invoke(NativeMethodAccessorImpl.java:62)
	at java.base/jdk.internal.reflect.DelegatingMethodAccessorImpl.invoke(DelegatingMethodAccessorImpl.java:43)
	at java.base/java.lang.reflect.Method.invoke(Method.java:567)
	at org.testng.internal.MethodInvocationHelper.invokeMethod(MethodInvocationHelper.java:108)
	at org.testng.internal.Invoker.invokeMethod(Invoker.java:661)
	at org.testng.internal.Invoker.invokeTestMethod(Invoker.java:869)
	at org.testng.internal.Invoker.invokeTestMethods(Invoker.java:1193)
	at org.testng.internal.TestMethodWorker.invokeTestMethods(TestMethodWorker.java:126)
	at org.testng.internal.TestMethodWorker.run(TestMethodWorker.java:109)
	at org.testng.TestRunner.privateRun(TestRunner.java:744)
	at org.testng.TestRunner.run(TestRunner.java:602)
	at org.testng.SuiteRunner.runTest(SuiteRunner.java:380)
	at org.testng.SuiteRunner.runSequentially(SuiteRunner.java:375)
	at org.testng.SuiteRunner.privateRun(SuiteRunner.java:340)
	at org.testng.SuiteRunner.run(SuiteRunner.java:289)
	at org.testng.SuiteRunnerWorker.runSuite(SuiteRunnerWorker.java:52)
	at org.testng.SuiteRunnerWorker.run(SuiteRunnerWorker.java:86)
	at org.testng.TestNG.runSuitesSequentially(TestNG.java:1301)
	at org.testng.TestNG.runSuitesLocally(TestNG.java:1226)
	at org.testng.TestNG.runSuites(TestNG.java:1144)
	at org.testng.TestNG.run(TestNG.java:1115)
	at org.apache.maven.surefire.testng.TestNGExecutor.run(TestNGExecutor.java:283)
	at org.apache.maven.surefire.testng.TestNGXmlTestSuite.execute(TestNGXmlTestSuite.java:75)
	at org.apache.maven.surefire.testng.TestNGProvider.invoke(TestNGProvider.java:120)
	at org.apache.maven.surefire.booter.ForkedBooter.runSuitesInProcess(ForkedBooter.java:377)
	at org.apache.maven.surefire.booter.ForkedBooter.execute(ForkedBooter.java:138)
	at org.apache.maven.surefire.booter.ForkedBooter.run(ForkedBooter.java:465)
	at org.apache.maven.surefire.booter.ForkedBooter.main(ForkedBooter.java:451)
]]>
            </full-stacktrace>
          </exception> <!-- org.testng.SkipException -->
          <reporter-output>
          </reporter-output>
        </test-method> <!-- AddCustomerTest -->
        <test-method signature="AddCustomerTest(java.util.Hashtable)[pri:0, instance:testcases.AddCustomerTest@72c28d64]" started-at="2020-05-17T13:45:31Z" name="AddCustomerTest" data-provider="dp" finished-at="2020-05-17T13:45:34Z" duration-ms="2294" status="PASS">
          <params>
            <param index="0">
              <value>
                <![CDATA[{postcode=kl66587, lastname=Hoq, runmode=Y, firstname=Sami}]]>
              </value>
            </param>
          </params>
          <reporter-output>
          </reporter-output>
        </test-method> <!-- AddCustomerTest -->
      </class> <!-- testcases.AddCustomerTest -->
    </test> <!-- AddTest -->
    <test started-at="2020-05-17T17:45:34Z" name="opentest" finished-at="2020-05-17T17:45:34Z" duration-ms="2">
      <class name="testcases.OpenAccountTest">
        <test-method is-config="true" signature="setUp()[pri:0, instance:testcases.OpenAccountTest@3700ec9c]" started-at="2020-05-17T13:45:12Z" name="setUp" finished-at="2020-05-17T13:45:21Z" duration-ms="8410" status="PASS">
          <reporter-output>
          </reporter-output>
        </test-method> <!-- setUp -->
        <test-method signature="openAccountTest(java.util.Hashtable)[pri:0, instance:testcases.OpenAccountTest@3700ec9c]" started-at="2020-05-17T13:45:34Z" name="openAccountTest" data-provider="dp" finished-at="2020-05-17T13:45:34Z" duration-ms="1" status="SKIP">
          <params>
            <param index="0">
              <value>
                <![CDATA[{currency=Rupee, customer=Raman Arora}]]>
              </value>
            </param>
          </params>
          <exception class="org.testng.SkipException">
            <message>
              <![CDATA[skipping the test OPENACCOUNTTEST]]>
            </message>
            <full-stacktrace>
              <![CDATA[org.testng.SkipException: skipping the test OPENACCOUNTTEST
	at testcases.OpenAccountTest.openAccountTest(OpenAccountTest.java:21)
	at java.base/jdk.internal.reflect.NativeMethodAccessorImpl.invoke0(Native Method)
	at java.base/jdk.internal.reflect.NativeMethodAccessorImpl.invoke(NativeMethodAccessorImpl.java:62)
	at java.base/jdk.internal.reflect.DelegatingMethodAccessorImpl.invoke(DelegatingMethodAccessorImpl.java:43)
	at java.base/java.lang.reflect.Method.invoke(Method.java:567)
	at org.testng.internal.MethodInvocationHelper.invokeMethod(MethodInvocationHelper.java:108)
	at org.testng.internal.Invoker.invokeMethod(Invoker.java:661)
	at org.testng.internal.Invoker.invokeTestMethod(Invoker.java:869)
	at org.testng.internal.Invoker.invokeTestMethods(Invoker.java:1193)
	at org.testng.internal.TestMethodWorker.invokeTestMethods(TestMethodWorker.java:126)
	at org.testng.internal.TestMethodWorker.run(TestMethodWorker.java:109)
	at org.testng.TestRunner.privateRun(TestRunner.java:744)
	at org.testng.TestRunner.run(TestRunner.java:602)
	at org.testng.SuiteRunner.runTest(SuiteRunner.java:380)
	at org.testng.SuiteRunner.runSequentially(SuiteRunner.java:375)
	at org.testng.SuiteRunner.privateRun(SuiteRunner.java:340)
	at org.testng.SuiteRunner.run(SuiteRunner.java:289)
	at org.testng.SuiteRunnerWorker.runSuite(SuiteRunnerWorker.java:52)
	at org.testng.SuiteRunnerWorker.run(SuiteRunnerWorker.java:86)
	at org.testng.TestNG.runSuitesSequentially(TestNG.java:1301)
	at org.testng.TestNG.runSuitesLocally(TestNG.java:1226)
	at org.testng.TestNG.runSuites(TestNG.java:1144)
	at org.testng.TestNG.run(TestNG.java:1115)
	at org.apache.maven.surefire.testng.TestNGExecutor.run(TestNGExecutor.java:283)
	at org.apache.maven.surefire.testng.TestNGXmlTestSuite.execute(TestNGXmlTestSuite.java:75)
	at org.apache.maven.surefire.testng.TestNGProvider.invoke(TestNGProvider.java:120)
	at org.apache.maven.surefire.booter.ForkedBooter.runSuitesInProcess(ForkedBooter.java:377)
	at org.apache.maven.surefire.booter.ForkedBooter.execute(ForkedBooter.java:138)
	at org.apache.maven.surefire.booter.ForkedBooter.run(ForkedBooter.java:465)
	at org.apache.maven.surefire.booter.ForkedBooter.main(ForkedBooter.java:451)
]]>
            </full-stacktrace>
          </exception> <!-- org.testng.SkipException -->
          <reporter-output>
          </reporter-output>
        </test-method> <!-- openAccountTest -->
        <test-method is-config="true" signature="tearDown()[pri:0, instance:testcases.OpenAccountTest@3700ec9c]" started-at="2020-05-17T13:45:34Z" name="tearDown" finished-at="2020-05-17T13:45:34Z" duration-ms="323" status="PASS">
          <reporter-output>
          </reporter-output>
        </test-method> <!-- tearDown -->
      </class> <!-- testcases.OpenAccountTest -->
    </test> <!-- opentest -->
  </suite> <!-- DataDrivenSuite -->
</testng-results>
